<?xml version="1.0" encoding="UTF-8"?>
<mxfile host="embed.diagrams.net" agent="Mozilla/5.0 (X11; Linux x86_64) AppleWebKit/537.36 (KHTML, like Gecko) Chrome/131.0.0.0 Safari/537.36" version="26.0.6">
  <diagram id="-q80W4nXH58YJJc-dFuO" name="Page-1">
    <mxGraphModel dx="634" dy="661" grid="1" gridSize="10" guides="1" tooltips="1" connect="1" arrows="1" fold="1" page="1" pageScale="1" pageWidth="850" pageHeight="1100" math="0" shadow="0">
      <root>
        <mxCell id="0" />
        <mxCell id="1" parent="0" />
        <UserObject label="" link="http://google.com.pt/" id="4">
          <mxCell style="rounded=1;whiteSpace=wrap;html=1;" parent="1" vertex="1">
            <mxGeometry x="100" y="305" width="450" height="310" as="geometry" />
          </mxCell>
        </UserObject>
        <UserObject label="" link="http://google.com.ua/" id="2">
          <mxCell style="rounded=0;whiteSpace=wrap;html=1;" parent="1" vertex="1">
            <mxGeometry x="150" y="430" width="120" height="60" as="geometry" />
          </mxCell>
        </UserObject>
        <UserObject label="" link="http://google.com.en/" id="3">
          <mxCell style="rounded=0;whiteSpace=wrap;html=1;" parent="1" vertex="1">
            <mxGeometry x="360" y="430" width="120" height="60" as="geometry" />
          </mxCell>
        </UserObject>
      </root>
    </mxGraphModel>
  </diagram>
</mxfile>
